<?xml version="1.0" encoding="UTF-8"?>
<!-- Generated by org.testng.reporters.JUnitReportReporter -->
<testsuite hostname="mr_domala" failures="0" tests="1" name="com.tide.pageobject.ShoProductPage" time="6.848" errors="0" timestamp="9 Nov 2021 07:40:00 GMT">
  <testcase classname="com.tide.pageobject.ShoProductPage" name="navigateToShop" time="6.848"/>
</testsuite> <!-- com.tide.pageobject.ShoProductPage -->
