<?xml version="1.0" encoding="UTF-8"?>
<!-- Generated by org.testng.reporters.JUnitReportReporter -->
<testsuite hostname="Gopimanisri" failures="0" tests="1" name="com.tide.pageobject.ShoProductPage" time="11.979" errors="0" timestamp="2021-11-09T12:44:23 IST" skipped="0">
  <testcase classname="com.tide.pageobject.ShoProductPage" name="navigateToShop" time="11.979"/>
  <system-out/>
</testsuite> <!-- com.tide.pageobject.ShoProductPage -->
